<?xml version="1.0" encoding="UTF-8"?>
<testsuite xmlns:xsi="http://www.w3.org/2001/XMLSchema-instance" xsi:noNamespaceSchemaLocation="https://maven.apache.org/surefire/maven-surefire-plugin/xsd/surefire-test-report-3.0.xsd" version="3.0" name="editor.workspace.WorkspaceTest" time="0.024" tests="9" errors="0" skipped="0" failures="0">
  <properties>
[...]
</properties>
  <testcase name="testLoadFile(Path)" classname="editor.workspace.WorkspaceTest" time="0.004"/>
  <testcase name="testSaveFile(Path)" classname="editor.workspace.WorkspaceTest" time="0.004"/>
  <testcase name="testFileList" classname="editor.workspace.WorkspaceTest" time="0.001"/>
  <testcase name="testSetActiveFile" classname="editor.workspace.WorkspaceTest" time="0.001"/>
  <testcase name="testAutoEnableLog(Path)" classname="editor.workspace.WorkspaceTest" time="0.004"/>
  <testcase name="testCloseFile" classname="editor.workspace.WorkspaceTest" time="0.001"/>
  <testcase name="testInitFile" classname="editor.workspace.WorkspaceTest" time="0"/>
  <testcase name="testInitFileWithLog" classname="editor.workspace.WorkspaceTest" time="0.001"/>
  <testcase name="testLoadNonExistentFile(Path)" classname="editor.workspace.WorkspaceTest" time="0.004"/>
</testsuite>