<?xml version="1.0" encoding="UTF-8"?>
<testsuite xmlns:xsi="http://www.w3.org/2001/XMLSchema-instance" xsi:noNamespaceSchemaLocation="https://maven.apache.org/surefire/maven-surefire-plugin/xsd/surefire-test-report-3.0.xsd" version="3.0" name="editor.command.CommandExecutorTest" time="0.348" tests="28" errors="0" skipped="0" failures="0">
  <properties>
[...]
</properties>
  <testcase name="testExecuteUndoRedo" classname="editor.command.CommandExecutorTest" time="0.048">
    <system-out><![CDATA[已追加文本
已撤销
已重做
]]></system-out>
  </testcase>
  <testcase name="testExecuteLogShow" classname="editor.command.CommandExecutorTest" time="0.005">
    <system-out><![CDATA[session start at 20251123 17:16:50
20251123 17:16:50 log-on test.txt
session start at 20251123 17:16:50
20251123 17:16:50 init test.txt with-log
session start at 20251124 20:34:40
20251124 20:34:40 log-on test.txt
session start at 20251124 20:34:40
20251124 20:34:40 init test.txt with-log
session start at 20251124 20:35:22
20251124 20:35:22 log-on test.txt
session start at 20251124 20:35:22
20251124 20:35:22 init test.txt with-log
session start at 20251124 20:43:07
20251124 20:43:07 log-on test.txt
session start at 20251124 20:43:07
20251124 20:43:07 init test.txt with-log
session start at 20251124 20:51:30
20251124 20:51:30 log-on test.txt
session start at 20251124 20:51:30
20251124 20:51:30 init test.txt with-log
session start at 20251124 20:59:15
20251124 20:59:15 log-on test.txt
session start at 20251124 20:59:15
20251124 20:59:15 init test.txt with-log
session start at 20251215 19:13:07
20251215 19:13:07 log-on test.txt
session start at 20251215 19:23:23
20251215 19:23:23 log-on test.txt
session start at 20251215 19:24:17
20251215 19:24:17 log-on test.txt
session start at 20251215 19:24:47
20251215 19:24:47 log-on test.txt
session start at 20251215 19:24:47
20251215 19:24:47 init test.txt with-log
session start at 20251215 19:28:46
20251215 19:28:46 log-on test.txt
session start at 20251215 19:28:46
20251215 19:28:46 init test.txt with-log
session start at 20251215 19:38:21
20251215 19:38:21 log-on test.txt
session start at 20251215 19:38:21
20251215 19:38:21 init test.txt with-log
session start at 20251215 19:38:42
20251215 19:38:42 log-on test.txt
session start at 20251215 19:38:42
20251215 19:38:42 init test.txt with-log
session start at 20251215 19:39:16
20251215 19:39:16 log-on test.txt
session start at 20251215 19:39:16
20251215 19:39:16 init test.txt with-log
]]></system-out>
  </testcase>
  <testcase name="testExecuteAppend" classname="editor.command.CommandExecutorTest" time="0.003">
    <system-out><![CDATA[已追加文本
]]></system-out>
  </testcase>
  <testcase name="testExecuteDelete" classname="editor.command.CommandExecutorTest" time="0.006">
    <system-out><![CDATA[已删除字符
]]></system-out>
  </testcase>
  <testcase name="testExecuteEditTextXml(Path)" classname="editor.command.CommandExecutorTest" time="0.067">
    <system-out><![CDATA[已加载文件: C:\Users\veget\AppData\Local\Temp\junit16092423115020482748\books.xml
已修改元素文本
]]></system-out>
  </testcase>
  <testcase name="testExecuteInsert" classname="editor.command.CommandExecutorTest" time="0.008">
    <system-out><![CDATA[已插入文本
]]></system-out>
  </testcase>
  <testcase name="testExecuteLogOff" classname="editor.command.CommandExecutorTest" time="0.004">
    <system-out><![CDATA[已关闭日志: test.txt
]]></system-out>
  </testcase>
  <testcase name="testExecuteEditIdXml(Path)" classname="editor.command.CommandExecutorTest" time="0.01">
    <system-out><![CDATA[已加载文件: C:\Users\veget\AppData\Local\Temp\junit1651936277516864950\books.xml
已修改元素 ID
]]></system-out>
  </testcase>
  <testcase name="testExecuteReplace" classname="editor.command.CommandExecutorTest" time="0.007">
    <system-out><![CDATA[已替换文本
]]></system-out>
  </testcase>
  <testcase name="testExecuteSpellCheckOnText" classname="editor.command.CommandExecutorTest" time="0.009">
    <system-out><![CDATA[拼写检查结果：
第1行，第7列："recieve" -> 建议：receive
]]></system-out>
  </testcase>
  <testcase name="testExecuteSpellCheckOnXml(Path)" classname="editor.command.CommandExecutorTest" time="0.008">
    <system-out><![CDATA[已加载文件: C:\Users\veget\AppData\Local\Temp\junit15939060387917194906\spell.xml
拼写检查结果：
未发现拼写错误
]]></system-out>
  </testcase>
  <testcase name="testExecuteEdit" classname="editor.command.CommandExecutorTest" time="0.002">
    <system-out><![CDATA[已切换到: file2.txt
]]></system-out>
  </testcase>
  <testcase name="testExecuteInit" classname="editor.command.CommandExecutorTest" time="0.002">
    <system-out><![CDATA[已创建新缓冲区: test.txt
]]></system-out>
  </testcase>
  <testcase name="testExecuteLoad(Path)" classname="editor.command.CommandExecutorTest" time="0.01">
    <system-out><![CDATA[已加载文件: C:\Users\veget\AppData\Local\Temp\junit17768765674851767434\test.txt
]]></system-out>
  </testcase>
  <testcase name="testExecuteSave(Path)" classname="editor.command.CommandExecutorTest" time="0.009">
    <system-out><![CDATA[已保存: C:\Users\veget\AppData\Local\Temp\junit17580774561944897489\test.txt
]]></system-out>
  </testcase>
  <testcase name="testExecuteShow" classname="editor.command.CommandExecutorTest" time="0.001">
    <system-out><![CDATA[1: Line 1
2: Line 2
]]></system-out>
  </testcase>
  <testcase name="testExecuteInitTextType" classname="editor.command.CommandExecutorTest" time="0.001">
    <system-out><![CDATA[已创建新缓冲区: textFile.txt
]]></system-out>
  </testcase>
  <testcase name="testExecuteSaveAll(Path)" classname="editor.command.CommandExecutorTest" time="0.009">
    <system-out><![CDATA[已保存所有文件
]]></system-out>
  </testcase>
  <testcase name="testExecuteLogOn" classname="editor.command.CommandExecutorTest" time="0.005">
    <system-out><![CDATA[已启用日志: test.txt
]]></system-out>
  </testcase>
  <testcase name="testExecuteXmlTree(Path)" classname="editor.command.CommandExecutorTest" time="0.005">
    <system-out><![CDATA[已加载文件: C:\Users\veget\AppData\Local\Temp\junit12522391597626890052\books.xml
└── bookstore [id="root"]
    └── book [id="book1"]
        └── title [id="title1"]
            └── "First Book"
]]></system-out>
  </testcase>
  <testcase name="testExecuteUnknownCommand" classname="editor.command.CommandExecutorTest" time="0.002">
    <system-out><![CDATA[未知命令
]]></system-out>
  </testcase>
  <testcase name="testExecuteInitWithLog" classname="editor.command.CommandExecutorTest" time="0.002">
    <system-out><![CDATA[已创建新缓冲区: test.txt
]]></system-out>
  </testcase>
  <testcase name="testExecuteEditorList" classname="editor.command.CommandExecutorTest" time="0.006">
    <system-out><![CDATA[  file1.txt [modified] (0 秒)
* file2.txt [modified] (0 秒)
]]></system-out>
  </testcase>
  <testcase name="testExecuteInsertBeforeXml(Path)" classname="editor.command.CommandExecutorTest" time="0.009">
    <system-out><![CDATA[已加载文件: C:\Users\veget\AppData\Local\Temp\junit3040155452991345270\books.xml
已插入元素
]]></system-out>
  </testcase>
  <testcase name="testErrorHandling" classname="editor.command.CommandExecutorTest" time="0.002">
    <system-out><![CDATA[未知命令
错误: 没有活动文件
]]></system-out>
  </testcase>
  <testcase name="testExecuteDeleteElementXml(Path)" classname="editor.command.CommandExecutorTest" time="0.007">
    <system-out><![CDATA[已加载文件: C:\Users\veget\AppData\Local\Temp\junit9330044631030340085\books.xml
已删除元素
]]></system-out>
  </testcase>
  <testcase name="testExecuteAppendChildXml(Path)" classname="editor.command.CommandExecutorTest" time="0.009">
    <system-out><![CDATA[已加载文件: C:\Users\veget\AppData\Local\Temp\junit11732670685020252672\books.xml
已追加子元素
]]></system-out>
  </testcase>
  <testcase name="testExecuteInitXmlWithLog" classname="editor.command.CommandExecutorTest" time="0.007">
    <system-out><![CDATA[已创建新缓冲区: config.xml
]]></system-out>
  </testcase>
</testsuite>